[3J[H[2Jg++ driver.o map_loader.o agents_loader.o egraph_reader.o compute_heuristic.o single_agent_search.o node.o cbs_node.o cbs_search.o single_agent_ecbs.o ecbs_node.o ecbs_search.o graph_algo_wrapper.o -Wall -DNDEBUG -I /usr/include/boost/ -I /home/lsuazo/lib/ -std=c++14 -lboost_program_options -lboost_graph -O3 -I /home/lsuazo/Other/CBS/MAPF_stripped_CBS_0print/TreeD/ -L /home/lsuazo/Other/CBS/MAPF_stripped_CBS_0print/TreeD/ -ltreed -o driver

Agents: 20, Instances: 100, Map: ../../Maps/Maps_fix/Berlin_0_256.map
Berlin_0_256

Map: ../../Maps/Maps_fix/Berlin_0_256.map
[3J[H[2Jg++ driver.o map_loader.o agents_loader.o egraph_reader.o compute_heuristic.o single_agent_search.o node.o cbs_node.o cbs_search.o single_agent_ecbs.o ecbs_node.o ecbs_search.o graph_algo_wrapper.o -Wall -DNDEBUG -I /usr/include/boost/ -I /home/lsuazo/lib/ -std=c++14 -lboost_program_options -lboost_graph -O3 -I /home/lsuazo/Other/CBS/MAPF_stripped_CBS_0print/TreeD/ -L /home/lsuazo/Other/CBS/MAPF_stripped_CBS_0print/TreeD/ -ltreed -o driver

Agents: 20, Instances: 100, Map: ../../Maps/Maps_fix/Berlin_0_256.map
Berlin_0_256

Map: ../../Maps/Maps_fix/Berlin_0_256.map
Instance: 
0: ....................
1: ....................
2: ....................
3: ....................
4: ....................
5: ....................
6: ....................
7: ....................
8: ....................
9: ....................
10: ....................
11: ....................
12: ....................
13: ....................
14: ....................
15: ....................
16: ....................
17: ....................
18: ....................
19: ....................
20: ....................
21: ....................
22: ....................
23: ....................
24: ....................
25: ....................
26: ....................
27: ....................
28: ....................
29: ....................
30: ....................
31: ....................
32: ....................
33: ....................
34: ....................
35: ....................
36: ....................
37: ....................
38: ....................
39: ....................
40: ....................
41: ....................
42: ....................
43: ....................
44: ....................
45: ....................
46: ....................
47: ....................
48: ....................
49: ....................
50: ....................
51: ....................
52: ....................
53: ....................
54: ....................
55: ....................
56: ....................
57: ....................
58: ....................
59: ....................
60: ....................
61: ....................
62: ....................
63: ....................
64: ....................
65: ....................
66: ....................
67: ....................
68: ....................
69: ....................
70: ....................
71: ....................
72: ....................
73: ....................
74: ....................
75: ....................
76: ....................
77: ....................
78: ....................
79: ....................
80: ....................
81: ....................
82: ....................
83: ....................
84: ....................
85: ....................
86: ....................
87: ....................
88: ....................
89: ....................
90: ....................
91: ....................
92: ....................
93: ....................
94: ....................
95: ....................
96: ....................
97: ....................
98: ....................
99: ....................

All instances (20 agents) generated

--------------------------------------------
Agents: 20, Instances: 100, Map: ../../Maps/Maps_fix/Berlin_0_512.map
Berlin_0_512

Map: ../../Maps/Maps_fix/Berlin_0_512.map
Instance: 
0: ....................
1: ....................
2: ....................
3: ....................
4: ....................
5: ....................
6: ....................
7: ....................
8: ....................
9: ....................
10: ....................
11: ....................
12: ....................
13: ....................
14: ....................
15: ....................
16: ....................
17: ....................
18: ....................
19: ....................
20: ....................
21: ....................
22: ....................
23: ....................
24: ....................
25: ....................
26: ....................
27: ....................
28: ....................
29: ....................
30: ....................
31: ....................
32: ....................
33: ....................
34: ....................
35: ....................
36: ....................
37: ....................
38: ....................
39: ....................
40: ....................
41: ....................
42: ....................
43: ....................
44: ....................
45: ....................
46: ....................
47: ....................
48: ....................
49: ....................
50: ....................
51: ....................
52: ....................
53: ....................
54: ....................
55: ....................
56: ....................
57: ....................
58: ....................
59: ....................
60: ....................
61: ....................
62: ....................
63: ....................
64: ....................
65: ....................
66: ....................
67: ....................
68: ....................
69: ....................
70: ....................
71: ....................
72: ....................
73: ....................
74: ....................
75: ....................
76: ....................
77: ....................
78: ....................
79: ....................
80: ....................
81: ....................
82: ....................
83: ....................
84: ....................
85: ....................
86: ....................
87: ....................
88: ....................
89: ....................
90: ....................
91: ....................
92: ....................
93: ....................
94: ....................
95: ....................
96: ....................
97: ....................
98: ....................
99: ....................

All instances (20 agents) generated

--------------------------------------------
Agents: 20, Instances: 100, Map: ../../Maps/Maps_fix/Berlin_0_1024.map
Berlin_0_1024

Map: ../../Maps/Maps_fix/Berlin_0_1024.map
Instance: 
0: ....................
1: ....................
2: ....................
3: ....................
4: ....................
5: ....................
6: ....................
7: ....................
8: ....................
9: ....................
10: ....................
11: ....................
12: ....................
13: ....................
14: ....................
15: ....................
16: ....................
17: ....................
18: ....................
19: ....................
20: ....................
21: ....................
22: ....................
23: ....................
24: ....................
25: ....................
26: ....................
27: ....................
28: ....................
29: ....................
30: ....................
31: ....................
32: ....................
33: ....................
34: ....................
35: ....................
36: ....................
37: ....................
38: ....................
39: ....................
40: ....................
41: ....................
42: ....................
43: ....................
44: ....................
45: ....................
46: ....................
47: ....................
48: ....................
49: ....................
50: ....................
51: ....................
52: ....................
53: ....................
54: ....................
55: ....................
56: ....................
57: ....................
58: ....................
59: ....................
60: ....................
61: ....................
62: ....................
63: ....................
64: ....................
65: ....................
66: ....................
67: ....................
68: ....................
69: ....................
70: ....................
71: ....................
72: ....................
73: ....................
74: ....................
75: ....................
76: ....................
77: ....................
78: ....................
79: ....................
80: ....................
81: ....................
82: ....................
83: ....................
84: ....................
85: ....................
86: ....................
87: ....................
88: ....................
89: ....................
90: ....................
91: ....................
92: ....................
93: ....................
94: ....................
95: ....................
96: ....................
97: ....................
98: ....................
99: ....................

All instances (20 agents) generated

--------------------------------------------
Agents: 20, Instances: 100, Map: ../../Maps/Maps_fix/Berlin_1_256.map
Berlin_1_256

Map: ../../Maps/Maps_fix/Berlin_1_256.map
Instance: 
0: ....................
1: ....................
2: ....................
3: ....................
4: ....................
5: ....................
6: ....................
7: ....................
8: ....................
9: ....................
10: ....................
11: ....................
12: ....................
13: ....................
14: ....................
15: ....................
16: ....................
17: ....................
18: ....................
19: ....................
20: ....................
21: ....................
22: ....................
23: ....................
24: ....................
25: ....................
26: ....................
27: ....................
28: ....................
29: ....................
30: ....................
31: ....................
32: ....................
33: ....................
34: ....................
35: ....................
36: ....................
37: ....................
38: ....................
39: ....................
40: ....................
41: ....................
42: ....................
43: ....................
44: ....................
45: ....................
46: ....................
47: ....................
48: ....................
49: ....................
50: ....................
51: ....................
52: ....................
53: ....................
54: ....................
55: ....................
56: ....................
57: ....................
58: ....................
59: ....................
60: ....................
61: ....................
62: ....................
63: ....................
64: ....................
65: ....................
66: ....................
67: ....................
68: ....................
69: ....................
70: ....................
71: ....................
72: ....................
73: ....................
74: ....................
75: ....................
76: ....................
77: ....................
78: ....................
79: ....................
80: ....................
81: ....................
82: ....................
83: ....................
84: ....................
85: ....................
86: ....................
87: ....................
88: ....................
89: ....................
90: ....................
91: ....................
92: ....................
93: ....................
94: ....................
95: ....................
96: ....................
97: ....................
98: ....................
99: ....................

All instances (20 agents) generated

--------------------------------------------
Agents: 20, Instances: 100, Map: ../../Maps/Maps_fix/Berlin_1_512.map
Berlin_1_512

Map: ../../Maps/Maps_fix/Berlin_1_512.map
Instance: 
0: ....................
1: ....................
2: ....................
3: ....................
4: ....................
5: ....................
6: ....................
7: ....................
8: ....................
9: ....................
10: ....................
11: ....................
12: ....................
13: ....................
14: ....................
15: ....................
16: ....................
17: ....................
18: ....................
19: ....................
20: ....................
21: ....................
22: ....................
23: ....................
24: ....................
25: ....................
26: ....................
27: ....................
28: ....................
29: ....................
30: ....................
31: ....................
32: ....................
33: ....................
34: ....................
35: ....................
36: ....................
37: ....................
38: ....................
39: ....................
40: ....................
41: ....................
42: ....................
43: ....................
44: ....................
45: ....................
46: ....................
47: ....................
48: ....................
49: ....................
50: ....................
51: ....................
52: ....................
53: ....................
54: ....................
55: ....................
56: ....................
57: ....................
58: ....................
59: ....................
60: ....................
61: ....................
62: ....................
63: ....................
64: ....................
65: ....................
66: ....................
67: ....................
68: ....................
69: ....................
70: ....................
71: ....................
72: ....................
73: ....................
74: ....................
75: ....................
76: ....................
77: ....................
78: ....................
79: ....................
80: ....................
81: ....................
82: ....................
83: ....................
84: ....................
85: ....................
86: ....................
87: ....................
88: ....................
89: ....................
90: ....................
91: ....................
92: ....................
93: ....................
94: ....................
95: ....................
96: ....................
97: ....................
98: ....................
99: ....................

All instances (20 agents) generated

--------------------------------------------
Agents: 20, Instances: 100, Map: ../../Maps/Maps_fix/Berlin_1_1024.map
Berlin_1_1024

Map: ../../Maps/Maps_fix/Berlin_1_1024.map
Instance: 
0: ....................
1: ....................
2: ....................
3: ....................
4: ....................
5: ....................
6: ....................
7: ....................
8: ....................
9: ....................
10: ....................
11: ....................
12: ....................
13: ....................
14: ....................
15: ....................
16: ....................
17: ....................
18: ....................
19: ....................
20: ....................
21: ....................
22: ....................
23: ....................
24: ....................
25: ....................
26: ....................
27: ....................
28: ....................
29: ....................
30: ....................
31: ....................
32: ....................
33: ....................
34: ....................
35: ....................
36: ....................
37: ....................
38: ....................
39: ....................
40: ....................
41: ....................
42: ....................
43: ....................
44: ....................
45: ....................
46: ....................
47: ....................
48: ....................
49: ....................
50: ....................
51: ....................
52: ....................
53: ....................
54: ....................
55: ....................
56: ....................
57: ....................
58: ....................
59: ....................
60: ....................
61: ....................
62: ....................
63: ....................
64: ....................
65: ....................
66: ....................
67: ....................
68: ....................
69: ....................
70: ....................
71: ....................
72: ....................
73: ....................
74: ....................
75: ....................
76: ....................
77: ....................
78: ....................
79: ....................
80: ....................
81: ....................
82: ....................
83: ....................
84: ....................
85: ....................
86: ....................
87: ....................
88: ....................
89: ....................
90: ....................
91: ....................
92: ....................
93: ....................
94: ....................
95: ....................
96: ....................
97: ....................
98: ....................
99: ....................

All instances (20 agents) generated

--------------------------------------------
Agents: 20, Instances: 100, Map: ../../Maps/Maps_fix/Berlin_2_256.map
Berlin_2_256

Map: ../../Maps/Maps_fix/Berlin_2_256.map
Instance: 
0: ....................
1: ....................
2: ....................
3: ....................
4: ....................
5: ....................
6: ....................
7: ....................
8: ....................
9: ....................
10: ....................
11: ....................
12: ....................
13: ....................
14: ....................
15: ....................
16: ....................
17: ....................
18: ....................
19: ....................
20: ....................
21: ....................
22: ....................
23: ....................
24: ....................
25: ....................
26: ....................
27: ....................
28: ....................
29: ....................
30: ....................
31: ....................
32: ....................
33: ....................
34: ....................
35: ....................
36: ....................
37: ....................
38: ....................
39: ....................
40: ....................
41: ....................
42: ....................
43: ....................
44: ....................
45: ....................
46: ....................
47: ....................
48: ....................
49: ....................
50: ....................
51: ....................
52: ....................
53: ....................
54: ....................
55: ....................
56: ....................
57: ....................
58: ....................
59: ....................
60: ....................
61: ....................
62: ....................
63: ....................
64: ....................
65: ....................
66: ....................
67: ....................
68: ....................
69: ....................
70: ....................
71: ....................
72: ....................
73: ....................
74: ....................
75: ....................
76: ....................
77: ....................
78: ....................
79: ....................
80: ....................
81: ....................
82: ....................
83: ....................
84: ....................
85: ....................
86: ....................
87: ....................
88: ....................
89: ....................
90: ....................
91: ....................
92: ....................
93: ....................
94: ....................
95: ....................
96: ....................
97: ....................
98: ....................
99: ....................

All instances (20 agents) generated

--------------------------------------------
Agents: 20, Instances: 100, Map: ../../Maps/Maps_fix/Berlin_2_512.map
Berlin_2_512

Map: ../../Maps/Maps_fix/Berlin_2_512.map
Instance: 
0: ....................
1: ....................
2: ....................
3: ....................
4: ....................
5: ....................
6: ....................
7: ....................
8: ....................
9: ....................
10: ....................
11: ....................
12: ....................
13: ....................
14: ....................
15: ....................
16: ....................
17: ....................
18: ....................
19: ....................
20: ....................
21: ....................
22: ....................
23: ....................
24: ....................
25: ....................
26: ....................
27: ....................
28: ....................
29: ....................
30: ....................
31: ....................
32: ....................
33: ....................
34: ....................
35: ....................
36: ....................
37: ....................
38: ....................
39: ....................
40: ....................
41: ....................
42: ....................
43: ....................
44: ....................
45: ....................
46: ....................
47: ....................
48: ....................
49: ....................
50: ....................
51: ....................
52: ....................
53: ....................
54: ....................
55: ....................
56: ....................
57: ....................
58: ....................
59: ....................
60: ....................
61: ....................
62: ....................
63: ....................
64: ....................
65: ....................
66: ....................
67: ....................
68: ....................
69: ....................
70: ....................
71: ....................
72: ....................
73: ....................
74: ....................
75: ....................
76: ....................
77: ....................
78: ....................
79: ....................
80: ....................
81: ....................
82: ....................
83: ....................
84: ....................
85: ....................
86: ....................
87: ....................
88: ....................
89: ....................
90: ....................
91: ....................
92: ....................
93: ....................
94: ....................
95: ....................
96: ....................
97: ....................
98: ....................
99: ....................

All instances (20 agents) generated

--------------------------------------------
Agents: 20, Instances: 100, Map: ../../Maps/Maps_fix/Berlin_2_1024.map
Berlin_2_1024

Map: ../../Maps/Maps_fix/Berlin_2_1024.map
Instance: 
0: ....................
1: ....................
2: ....................
3: ....................
4: ....................
5: ....................
6: ....................
7: ....................
8: ....................
9: ....................
10: ....................
11: ....................
12: ....................
13: ....................
14: ....................
15: ....................
16: ....................
17: ....................
18: ....................
19: ....................
20: ....................
21: ....................
22: ....................
23: ....................
24: ....................
25: ....................
26: ....................
27: ....................
28: ....................
29: ....................
30: ....................
31: ....................
32: ....................
33: ....................
34: ....................
35: ....................
36: ....................
37: ....................
38: ....................
39: ....................
40: ....................
41: ....................
42: ....................
43: ....................
44: ....................
45: ....................
46: ....................
47: ....................
48: ....................
49: ....................
50: ....................
51: ....................
52: ....................
53: ....................
54: ....................
55: ....................
56: ....................
57: ....................
58: ....................
59: ....................
60: ....................
61: ....................
62: ....................
63: ....................
64: ....................
65: ....................
66: ....................
67: ....................
68: ....................
69: ....................
70: ....................
71: ....................
72: ....................
73: ....................
74: ....................
75: ....................
76: ....................
77: ....................
78: ....................
79: ....................
80: ....................
81: ....................
82: ....................
83: ....................
84: ....................
85: ....................
86: ....................
87: ....................
88: ....................
89: ....................
90: ....................
91: ....................
92: ....................
93: ....................
94: ....................
95: ....................
96: ....................
97: ....................
98: ....................
99: ....................

All instances (20 agents) generated

--------------------------------------------
Agents: 20, Instances: 100, Map: ../../Maps/Maps_fix/Boston_0_256.map
Boston_0_256

Map: ../../Maps/Maps_fix/Boston_0_256.map
Instance: 
0: ....................
1: ....................
2: ....................
3: ....................
4: ....................
5: ....................
6: ....................
7: ....................
8: ....................
9: ....................
10: ....................
11: ....................
12: ....................
13: ....................
14: ....................
15: ....................
16: ....................
17: ....................
18: ....................
19: ....................
20: ....................
21: ....................
22: ....................
23: ....................
24: ....................
25: ....................
26: ....................
27: ....................
28: ....................
29: ....................
30: ....................
31: ....................
32: ....................
33: ....................
34: ....................
35: ....................
36: ....................
37: ....................
38: ....................
39: ....................
40: ....................
41: ....................
42: ....................
43: ....................
44: ....................
45: ....................
46: ....................
47: ....................
48: ....................
49: ....................
50: ....................
51: ....................
52: ....................
53: ....................
54: ....................
55: ....................
56: ....................
57: ....................
58: ....................
59: ....................
60: ....................
61: ....................
62: ....................
63: ....................
64: ....................
65: ....................
66: ....................
67: ....................
68: ....................
69: ....................
70: ....................
71: ....................
72: ....................
73: ....................
74: ....................
75: ....................
76: ....................
77: ....................
78: ....................
79: ....................
80: ....................
81: ....................
82: ....................
83: ....................
84: ....................
85: ....................
86: ....................
87: ....................
88: ....................
89: ....................
90: ....................
91: ....................
92: ....................
93: ....................
94: ....................
95: ....................
96: ....................
97: ....................
98: ....................
99: ....................

All instances (20 agents) generated

--------------------------------------------
Agents: 20, Instances: 100, Map: ../../Maps/Maps_fix/Boston_0_512.map
Boston_0_512

Map: ../../Maps/Maps_fix/Boston_0_512.map
Instance: 
0: ....................
1: ....................
2: ....................
3: ....................
4: ....................
5: ....................
6: ....................
7: ....................
8: ....................
9: ....................
10: ....................
11: ....................
12: ....................
13: ....................
14: ....................
15: ....................
16: ....................
17: ....................
18: ....................
19: ....................
20: ....................
21: ....................
22: ....................
23: ....................
24: ....................
25: ....................
26: ....................
27: ....................
28: ....................
29: ....................
30: ....................
31: ....................
32: ....................
33: ....................
34: ....................
35: ....................
36: ....................
37: ....................
38: ....................
39: ....................
40: ....................
41: ....................
42: ....................
43: ....................
44: ....................
45: ....................
46: ....................
47: ....................
48: ....................
49: ....................
50: ....................
51: ....................
52: ....................
53: ....................
54: ....................
55: ....................
56: ....................
57: ....................
58: ....................
59: ....................
60: ....................
61: ....................
62: ....................
63: ....................
64: ....................
65: ....................
66: ....................
67: ....................
68: ....................
69: ....................
70: ....................
71: ....................
72: ....................
73: ....................
74: ....................
75: ....................
76: ....................
77: ....................
78: ....................
79: ....................
80: ....................
81: ....................
82: ....................
83: ....................
84: ....................
85: ....................
86: ....................
87: ....................
88: ....................
89: ....................
90: ....................
91: ....................
92: ....................
93: ....................
94: ....................
95: ....................
96: ....................
97: ....................
98: ....................
99: ....................

All instances (20 agents) generated

--------------------------------------------
Agents: 20, Instances: 100, Map: ../../Maps/Maps_fix/Boston_0_1024.map
Boston_0_1024

Map: ../../Maps/Maps_fix/Boston_0_1024.map
Instance: 
0: ....................
1: ....................
2: ....................
3: ....................
4: ....................
5: ....................
6: ....................
7: ....................
8: ....................
9: ....................
10: ....................
11: ....................
12: ....................
13: ....................
14: ....................
15: ....................
16: ....................
17: ....................
18: ....................
19: ....................
20: ....................
21: ..